# JRE version: OpenJDK Runtime Environment (11.0.10) (build 11.0.10+0-b96-7249189)
# Java VM: OpenJDK 64-Bit Server VM (11.0.10+0-b96-7249189, mixed mode, tiered, compressed oops, g1 gc, linux-amd64)
Heap:
 garbage-first heap   total 307200K, used 167327K [0x0000000080000000, 0x0000000100000000)
  region size 1024K, 17 young (17408K), 1 survivors (1024K)
 Metaspace       used 120842K, capacity 124363K, committed 124504K, reserved 1157120K
  class space    used 15217K, capacity 16503K, committed 16512K, reserved 1048576K
GC Heap History (20 events):
Event: 141.291 GC heap before
{Heap before GC invocations=27 (full 0):
 garbage-first heap   total 307200K, used 245248K [0x0000000080000000, 0x0000000100000000)
  region size 1024K, 121 young (123904K), 13 survivors (13312K)
 Metaspace       used 117938K, capacity 121240K, committed 121688K, reserved 1155072K
  class space    used 14954K, capacity 16186K, committed 16256K, reserved 1048576K
}
Event: 141.325 GC heap after
{Heap after GC invocations=28 (full 0):
 garbage-first heap   total 307200K, used 141995K [0x0000000080000000, 0x0000000100000000)
  region size 1024K, 14 young (14336K), 14 survivors (14336K)
 Metaspace       used 117938K, capacity 121240K, committed 121688K, reserved 1155072K
  class space    used 14954K, capacity 16186K, committed 16256K, reserved 1048576K
}
Event: 180.017 GC heap before
{Heap before GC invocations=28 (full 0):
 garbage-first heap   total 307200K, used 247467K [0x0000000080000000, 0x0000000100000000)
  region size 1024K, 116 young (118784K), 14 survivors (14336K)
 Metaspace       used 118065K, capacity 121343K, committed 121688K, reserved 1155072K
  class space    used 14961K, capacity 16197K, committed 16256K, reserved 1048576K
}
Event: 180.033 GC heap after
{Heap after GC invocations=29 (full 0):
 garbage-first heap   total 307200K, used 140800K [0x0000000080000000, 0x0000000100000000)
  region size 1024K, 3 young (3072K), 3 survivors (3072K)
 Metaspace       used 118065K, capacity 121343K, committed 121688K, reserved 1155072K
  class space    used 14961K, capacity 16197K, committed 16256K, reserved 1048576K
}
Event: 180.040 GC heap before
{Heap before GC invocations=29 (full 0):
 garbage-first heap   total 307200K, used 142848K [0x0000000080000000, 0x0000000100000000)
  region size 1024K, 6 young (6144K), 3 survivors (3072K)
 Metaspace       used 118075K, capacity 121343K, committed 121688K, reserved 1155072K
  class space    used 14961K, capacity 16197K, committed 16256K, reserved 1048576K
}
Event: 180.046 GC heap after
{Heap after GC invocations=30 (full 0):
 garbage-first heap   total 307200K, used 140966K [0x0000000080000000, 0x0000000100000000)
  region size 1024K, 3 young (3072K), 3 survivors (3072K)
 Metaspace       used 118075K, capacity 121343K, committed 121688K, reserved 1155072K
  class space    used 14961K, capacity 16197K, committed 16256K, reserved 1048576K
}
Event: 180.476 GC heap before
{Heap before GC invocations=30 (full 0):
 garbage-first heap   total 307200K, used 240294K [0x0000000080000000, 0x0000000100000000)
  region size 1024K, 96 young (98304K), 3 survivors (3072K)
 Metaspace       used 118015K, capacity 121269K, committed 121688K, reserved 1155072K
  class space    used 14940K, capacity 16151K, committed 16256K, reserved 1048576K
}
Event: 180.485 GC heap after
{Heap after GC invocations=31 (full 0):
 garbage-first heap   total 307200K, used 143487K [0x0000000080000000, 0x0000000100000000)
  region size 1024K, 5 young (5120K), 5 survivors (5120K)
 Metaspace       used 118015K, capacity 121269K, committed 121688K, reserved 1155072K
  class space    used 14940K, capacity 16151K, committed 16256K, reserved 1048576K
}
Event: 180.818 GC heap before
{Heap before GC invocations=32 (full 0):
 garbage-first heap   total 307200K, used 242815K [0x0000000080000000, 0x0000000100000000)
  region size 1024K, 101 young (103424K), 5 survivors (5120K)
 Metaspace       used 118102K, capacity 121365K, committed 121688K, reserved 1155072K
  class space    used 14944K, capacity 16183K, committed 16256K, reserved 1048576K
}
Event: 180.823 GC heap after
{Heap after GC invocations=33 (full 0):
 garbage-first heap   total 307200K, used 144069K [0x0000000080000000, 0x0000000100000000)
  region size 1024K, 5 young (5120K), 5 survivors (5120K)
 Metaspace       used 118102K, capacity 121365K, committed 121688K, reserved 1155072K
  class space    used 14944K, capacity 16183K, committed 16256K, reserved 1048576K
}
Event: 180.877 GC heap before
{Heap before GC invocations=33 (full 0):
 garbage-first heap   total 307200K, used 154309K [0x0000000080000000, 0x0000000100000000)
  region size 1024K, 15 young (15360K), 5 survivors (5120K)
 Metaspace       used 118107K, capacity 121365K, committed 121688K, reserved 1155072K
  class space    used 14944K, capacity 16183K, committed 16256K, reserved 1048576K
}
Event: 180.883 GC heap after
{Heap after GC invocations=34 (full 0):
 garbage-first heap   total 307200K, used 141857K [0x0000000080000000, 0x0000000100000000)
  region size 1024K, 1 young (1024K), 1 survivors (1024K)
 Metaspace       used 118107K, capacity 121365K, committed 121688K, reserved 1155072K
  class space    used 14944K, capacity 16183K, committed 16256K, reserved 1048576K
}
Event: 202.552 GC heap before
{Heap before GC invocations=34 (full 0):
 garbage-first heap   total 307200K, used 246305K [0x0000000080000000, 0x0000000100000000)
  region size 1024K, 103 young (105472K), 1 survivors (1024K)
 Metaspace       used 118234K, capacity 121443K, committed 121688K, reserved 1155072K
  class space    used 14945K, capacity 16185K, committed 16256K, reserved 1048576K
}
Event: 202.561 GC heap after
{Heap after GC invocations=35 (full 0):
 garbage-first heap   total 307200K, used 146245K [0x0000000080000000, 0x0000000100000000)
  region size 1024K, 5 young (5120K), 5 survivors (5120K)
 Metaspace       used 118234K, capacity 121443K, committed 121688K, reserved 1155072K
  class space    used 14945K, capacity 16185K, committed 16256K, reserved 1048576K
}
Event: 680.797 GC heap before
{Heap before GC invocations=36 (full 0):
 garbage-first heap   total 307200K, used 250693K [0x0000000080000000, 0x0000000100000000)
  region size 1024K, 107 young (109568K), 5 survivors (5120K)
 Metaspace       used 120229K, capacity 123686K, committed 123992K, reserved 1157120K
  class space    used 15151K, capacity 16454K, committed 16512K, reserved 1048576K
}
Event: 681.051 GC heap after
{Heap after GC invocations=37 (full 0):
 garbage-first heap   total 307200K, used 150685K [0x0000000080000000, 0x0000000100000000)
  region size 1024K, 11 young (11264K), 11 survivors (11264K)
 Metaspace       used 120229K, capacity 123686K, committed 123992K, reserved 1157120K
  class space    used 15151K, capacity 16454K, committed 16512K, reserved 1048576K
}
Event: 681.355 GC heap before
{Heap before GC invocations=37 (full 0):
 garbage-first heap   total 307200K, used 155805K [0x0000000080000000, 0x0000000100000000)
  region size 1024K, 15 young (15360K), 11 survivors (11264K)
 Metaspace       used 120328K, capacity 123819K, committed 123992K, reserved 1157120K
  class space    used 15160K, capacity 16455K, committed 16512K, reserved 1048576K
}
Event: 681.483 GC heap after
{Heap after GC invocations=38 (full 0):
 garbage-first heap   total 307200K, used 148619K [0x0000000080000000, 0x0000000100000000)
  region size 1024K, 2 young (2048K), 2 survivors (2048K)
 Metaspace       used 120328K, capacity 123819K, committed 123992K, reserved 1157120K
  class space    used 15160K, capacity 16455K, committed 16512K, reserved 1048576K
}
Event: 681.537 GC heap before
{Heap before GC invocations=38 (full 0):
 garbage-first heap   total 307200K, used 150667K [0x0000000080000000, 0x0000000100000000)
  region size 1024K, 5 young (5120K), 2 survivors (2048K)
 Metaspace       used 120411K, capacity 123953K, committed 124248K, reserved 1157120K
  class space    used 15167K, capacity 16456K, committed 16512K, reserved 1048576K
}
Event: 681.553 GC heap after
{Heap after GC invocations=39 (full 0):
 garbage-first heap   total 307200K, used 147871K [0x0000000080000000, 0x0000000100000000)
  region size 1024K, 1 young (1024K), 1 survivors (1024K)
 Metaspace       used 120411K, capacity 123953K, committed 124248K, reserved 1157120K
  class space    used 15167K, capacity 16456K, committed 16512K, reserved 1048576K
}

