# JRE version: OpenJDK Runtime Environment (11.0.10) (build 11.0.10+0-b96-7249189)
# Java VM: OpenJDK 64-Bit Server VM (11.0.10+0-b96-7249189, mixed mode, tiered, compressed oops, g1 gc, linux-amd64)
Heap:
 garbage-first heap   total 529408K, used 188971K [0x0000000080000000, 0x0000000100000000)
  region size 1024K, 37 young (37888K), 9 survivors (9216K)
 Metaspace       used 220069K, capacity 225515K, committed 239268K, reserved 1257472K
  class space    used 26256K, capacity 28235K, committed 30668K, reserved 1048576K
GC Heap History (20 events):
Event: 8781.557 GC heap before
{Heap before GC invocations=321 (full 0):
 garbage-first heap   total 694272K, used 311623K [0x0000000080000000, 0x0000000100000000)
  region size 1024K, 96 young (98304K), 4 survivors (4096K)
 Metaspace       used 221485K, capacity 226930K, committed 239268K, reserved 1257472K
  class space    used 26468K, capacity 28433K, committed 30668K, reserved 1048576K
}
Event: 8781.609 GC heap after
{Heap after GC invocations=322 (full 0):
 garbage-first heap   total 694272K, used 224400K [0x0000000080000000, 0x0000000100000000)
  region size 1024K, 9 young (9216K), 9 survivors (9216K)
 Metaspace       used 221485K, capacity 226930K, committed 239268K, reserved 1257472K
  class space    used 26468K, capacity 28433K, committed 30668K, reserved 1048576K
}
Event: 12381.625 GC heap before
{Heap before GC invocations=323 (full 0):
 garbage-first heap   total 694272K, used 389264K [0x0000000080000000, 0x0000000100000000)
  region size 1024K, 170 young (174080K), 9 survivors (9216K)
 Metaspace       used 221391K, capacity 226696K, committed 239268K, reserved 1257472K
  class space    used 26476K, capacity 28438K, committed 30668K, reserved 1048576K
}
Event: 12381.935 GC heap after
{Heap after GC invocations=324 (full 1):
 garbage-first heap   total 529408K, used 154155K [0x0000000080000000, 0x0000000100000000)
  region size 1024K, 0 young (0K), 0 survivors (0K)
 Metaspace       used 221323K, capacity 226594K, committed 239268K, reserved 1257472K
  class space    used 26466K, capacity 28420K, committed 30668K, reserved 1048576K
}
Event: 15705.862 GC heap before
{Heap before GC invocations=324 (full 1):
 garbage-first heap   total 529408K, used 261675K [0x0000000080000000, 0x0000000100000000)
  region size 1024K, 107 young (109568K), 0 survivors (0K)
 Metaspace       used 221349K, capacity 226600K, committed 239268K, reserved 1257472K
  class space    used 26467K, capacity 28421K, committed 30668K, reserved 1048576K
}
Event: 15705.891 GC heap after
{Heap after GC invocations=325 (full 1):
 garbage-first heap   total 529408K, used 158993K [0x0000000080000000, 0x0000000100000000)
  region size 1024K, 5 young (5120K), 5 survivors (5120K)
 Metaspace       used 221349K, capacity 226600K, committed 239268K, reserved 1257472K
  class space    used 26467K, capacity 28421K, committed 30668K, reserved 1048576K
}
Event: 15740.847 GC heap before
{Heap before GC invocations=326 (full 1):
 garbage-first heap   total 529408K, used 293137K [0x0000000080000000, 0x0000000100000000)
  region size 1024K, 137 young (140288K), 5 survivors (5120K)
 Metaspace       used 220810K, capacity 225677K, committed 239268K, reserved 1257472K
  class space    used 26354K, capacity 28220K, committed 30668K, reserved 1048576K
}
Event: 15740.911 GC heap after
{Heap after GC invocations=327 (full 1):
 garbage-first heap   total 529408K, used 162045K [0x0000000080000000, 0x0000000100000000)
  region size 1024K, 9 young (9216K), 9 survivors (9216K)
 Metaspace       used 220810K, capacity 225677K, committed 239268K, reserved 1257472K
  class space    used 26354K, capacity 28220K, committed 30668K, reserved 1048576K
}
Event: 15772.545 GC heap before
{Heap before GC invocations=328 (full 1):
 garbage-first heap   total 529408K, used 269565K [0x0000000080000000, 0x0000000100000000)
  region size 1024K, 114 young (116736K), 9 survivors (9216K)
 Metaspace       used 218752K, capacity 223702K, committed 239268K, reserved 1257472K
  class space    used 26088K, capacity 27925K, committed 30668K, reserved 1048576K
}
Event: 15772.581 GC heap after
{Heap after GC invocations=329 (full 1):
 garbage-first heap   total 529408K, used 159013K [0x0000000080000000, 0x0000000100000000)
  region size 1024K, 9 young (9216K), 9 survivors (9216K)
 Metaspace       used 218752K, capacity 223702K, committed 239268K, reserved 1257472K
  class space    used 26088K, capacity 27925K, committed 30668K, reserved 1048576K
}
Event: 15922.776 GC heap before
{Heap before GC invocations=330 (full 1):
 garbage-first heap   total 529408K, used 271653K [0x0000000080000000, 0x0000000100000000)
  region size 1024K, 118 young (120832K), 9 survivors (9216K)
 Metaspace       used 219198K, capacity 224387K, committed 239268K, reserved 1257472K
  class space    used 26157K, capacity 28053K, committed 30668K, reserved 1048576K
}
Event: 15922.818 GC heap after
{Heap after GC invocations=331 (full 1):
 garbage-first heap   total 529408K, used 159691K [0x0000000080000000, 0x0000000100000000)
  region size 1024K, 10 young (10240K), 10 survivors (10240K)
 Metaspace       used 219198K, capacity 224387K, committed 239268K, reserved 1257472K
  class space    used 26157K, capacity 28053K, committed 30668K, reserved 1048576K
}
Event: 15969.523 GC heap before
{Heap before GC invocations=332 (full 1):
 garbage-first heap   total 529408K, used 268235K [0x0000000080000000, 0x0000000100000000)
  region size 1024K, 116 young (118784K), 10 survivors (10240K)
 Metaspace       used 219277K, capacity 224433K, committed 239268K, reserved 1257472K
  class space    used 26163K, capacity 28064K, committed 30668K, reserved 1048576K
}
Event: 15969.555 GC heap after
{Heap after GC invocations=333 (full 1):
 garbage-first heap   total 529408K, used 159704K [0x0000000080000000, 0x0000000100000000)
  region size 1024K, 10 young (10240K), 10 survivors (10240K)
 Metaspace       used 219277K, capacity 224433K, committed 239268K, reserved 1257472K
  class space    used 26163K, capacity 28064K, committed 30668K, reserved 1048576K
}
Event: 16085.857 GC heap before
{Heap before GC invocations=334 (full 1):
 garbage-first heap   total 529408K, used 268248K [0x0000000080000000, 0x0000000100000000)
  region size 1024K, 116 young (118784K), 10 survivors (10240K)
 Metaspace       used 219332K, capacity 224436K, committed 239268K, reserved 1257472K
  class space    used 26163K, capacity 28064K, committed 30668K, reserved 1048576K
}
Event: 16085.902 GC heap after
{Heap after GC invocations=335 (full 1):
 garbage-first heap   total 529408K, used 159120K [0x0000000080000000, 0x0000000100000000)
  region size 1024K, 9 young (9216K), 9 survivors (9216K)
 Metaspace       used 219332K, capacity 224436K, committed 239268K, reserved 1257472K
  class space    used 26163K, capacity 28064K, committed 30668K, reserved 1048576K
}
Event: 16307.530 GC heap before
{Heap before GC invocations=336 (full 1):
 garbage-first heap   total 529408K, used 272784K [0x0000000080000000, 0x0000000100000000)
  region size 1024K, 120 young (122880K), 9 survivors (9216K)
 Metaspace       used 219832K, capacity 225260K, committed 239268K, reserved 1257472K
  class space    used 26228K, capacity 28183K, committed 30668K, reserved 1048576K
}
Event: 16307.592 GC heap after
{Heap after GC invocations=337 (full 1):
 garbage-first heap   total 529408K, used 160145K [0x0000000080000000, 0x0000000100000000)
  region size 1024K, 10 young (10240K), 10 survivors (10240K)
 Metaspace       used 219832K, capacity 225260K, committed 239268K, reserved 1257472K
  class space    used 26228K, capacity 28183K, committed 30668K, reserved 1048576K
}
Event: 18169.383 GC heap before
{Heap before GC invocations=338 (full 1):
 garbage-first heap   total 529408K, used 286097K [0x0000000080000000, 0x0000000100000000)
  region size 1024K, 132 young (135168K), 10 survivors (10240K)
 Metaspace       used 219933K, capacity 225325K, committed 239268K, reserved 1257472K
  class space    used 26235K, capacity 28195K, committed 30668K, reserved 1048576K
}
Event: 18169.451 GC heap after
{Heap after GC invocations=339 (full 1):
 garbage-first heap   total 529408K, used 159275K [0x0000000080000000, 0x0000000100000000)
  region size 1024K, 9 young (9216K), 9 survivors (9216K)
 Metaspace       used 219933K, capacity 225325K, committed 239268K, reserved 1257472K
  class space    used 26235K, capacity 28195K, committed 30668K, reserved 1048576K
}

